2022-05-03 12:27:11,505 INFO 3595 [Timer] /Users/shellcoochi/Shellcoochi/project/tmp/coding/coochi-cli-server/node_modules/egg-multipart/app/schedule/clean_tmpdir.js next time will execute after 57768499ms at 2022-05-04 04:30:00.004
2022-05-03 12:27:11,506 INFO 3595 [Timer] /Users/shellcoochi/Shellcoochi/project/tmp/coding/coochi-cli-server/node_modules/egg-logrotator/app/schedule/clean_log.js next time will execute after 41568495ms at 2022-05-04 00:00:00.001
2022-05-03 12:27:11,506 INFO 3595 [Timer] /Users/shellcoochi/Shellcoochi/project/tmp/coding/coochi-cli-server/node_modules/egg-logrotator/app/schedule/rotate_by_file.js next time will execute after 41569494ms at 2022-05-04 00:00:01.000
2022-05-03 12:27:11,314 INFO 3601 [egg-schedule]: register schedule /Users/shellcoochi/Shellcoochi/project/tmp/coding/coochi-cli-server/node_modules/egg-multipart/app/schedule/clean_tmpdir.js
2022-05-03 12:27:11,314 INFO 3601 [egg-schedule]: register schedule /Users/shellcoochi/Shellcoochi/project/tmp/coding/coochi-cli-server/node_modules/egg-logrotator/app/schedule/clean_log.js
2022-05-03 12:27:11,314 INFO 3601 [egg-schedule]: register schedule /Users/shellcoochi/Shellcoochi/project/tmp/coding/coochi-cli-server/node_modules/egg-logrotator/app/schedule/rotate_by_file.js
2022-05-03 12:29:14,199 INFO 3831 [egg-schedule]: register schedule /Users/shellcoochi/Shellcoochi/project/tmp/coding/coochi-cli-server/node_modules/egg-multipart/app/schedule/clean_tmpdir.js
2022-05-03 12:29:14,199 INFO 3831 [egg-schedule]: register schedule /Users/shellcoochi/Shellcoochi/project/tmp/coding/coochi-cli-server/node_modules/egg-logrotator/app/schedule/clean_log.js
2022-05-03 12:29:14,199 INFO 3831 [egg-schedule]: register schedule /Users/shellcoochi/Shellcoochi/project/tmp/coding/coochi-cli-server/node_modules/egg-logrotator/app/schedule/rotate_by_file.js
2022-05-03 12:31:16,536 INFO 3930 [egg-schedule]: register schedule /Users/shellcoochi/Shellcoochi/project/tmp/coding/coochi-cli-server/node_modules/egg-multipart/app/schedule/clean_tmpdir.js
2022-05-03 12:31:16,536 INFO 3930 [egg-schedule]: register schedule /Users/shellcoochi/Shellcoochi/project/tmp/coding/coochi-cli-server/node_modules/egg-logrotator/app/schedule/clean_log.js
2022-05-03 12:31:16,536 INFO 3930 [egg-schedule]: register schedule /Users/shellcoochi/Shellcoochi/project/tmp/coding/coochi-cli-server/node_modules/egg-logrotator/app/schedule/rotate_by_file.js
2022-05-03 12:32:29,430 INFO 4000 [egg-schedule]: register schedule /Users/shellcoochi/Shellcoochi/project/tmp/coding/coochi-cli-server/node_modules/egg-multipart/app/schedule/clean_tmpdir.js
2022-05-03 12:32:29,430 INFO 4000 [egg-schedule]: register schedule /Users/shellcoochi/Shellcoochi/project/tmp/coding/coochi-cli-server/node_modules/egg-logrotator/app/schedule/clean_log.js
2022-05-03 12:32:29,430 INFO 4000 [egg-schedule]: register schedule /Users/shellcoochi/Shellcoochi/project/tmp/coding/coochi-cli-server/node_modules/egg-logrotator/app/schedule/rotate_by_file.js
2022-05-03 12:32:45,897 INFO 4017 [egg-schedule]: register schedule /Users/shellcoochi/Shellcoochi/project/tmp/coding/coochi-cli-server/node_modules/egg-multipart/app/schedule/clean_tmpdir.js
2022-05-03 12:32:45,897 INFO 4017 [egg-schedule]: register schedule /Users/shellcoochi/Shellcoochi/project/tmp/coding/coochi-cli-server/node_modules/egg-logrotator/app/schedule/clean_log.js
2022-05-03 12:32:45,897 INFO 4017 [egg-schedule]: register schedule /Users/shellcoochi/Shellcoochi/project/tmp/coding/coochi-cli-server/node_modules/egg-logrotator/app/schedule/rotate_by_file.js
2022-05-03 12:42:38,165 INFO 4171 [egg-schedule]: register schedule /Users/shellcoochi/Shellcoochi/project/tmp/coding/coochi-cli-server/node_modules/egg-multipart/app/schedule/clean_tmpdir.js
2022-05-03 12:42:38,165 INFO 4171 [egg-schedule]: register schedule /Users/shellcoochi/Shellcoochi/project/tmp/coding/coochi-cli-server/node_modules/egg-logrotator/app/schedule/clean_log.js
2022-05-03 12:42:38,165 INFO 4171 [egg-schedule]: register schedule /Users/shellcoochi/Shellcoochi/project/tmp/coding/coochi-cli-server/node_modules/egg-logrotator/app/schedule/rotate_by_file.js
2022-05-03 12:42:48,907 INFO 4192 [egg-schedule]: register schedule /Users/shellcoochi/Shellcoochi/project/tmp/coding/coochi-cli-server/node_modules/egg-multipart/app/schedule/clean_tmpdir.js
2022-05-03 12:42:48,907 INFO 4192 [egg-schedule]: register schedule /Users/shellcoochi/Shellcoochi/project/tmp/coding/coochi-cli-server/node_modules/egg-logrotator/app/schedule/clean_log.js
2022-05-03 12:42:48,907 INFO 4192 [egg-schedule]: register schedule /Users/shellcoochi/Shellcoochi/project/tmp/coding/coochi-cli-server/node_modules/egg-logrotator/app/schedule/rotate_by_file.js
2022-05-03 12:44:15,894 INFO 4261 [egg-schedule]: register schedule /Users/shellcoochi/Shellcoochi/project/tmp/coding/coochi-cli-server/node_modules/egg-multipart/app/schedule/clean_tmpdir.js
2022-05-03 12:44:15,894 INFO 4261 [egg-schedule]: register schedule /Users/shellcoochi/Shellcoochi/project/tmp/coding/coochi-cli-server/node_modules/egg-logrotator/app/schedule/clean_log.js
2022-05-03 12:44:15,894 INFO 4261 [egg-schedule]: register schedule /Users/shellcoochi/Shellcoochi/project/tmp/coding/coochi-cli-server/node_modules/egg-logrotator/app/schedule/rotate_by_file.js
2022-05-03 12:45:03,227 INFO 4273 [egg-schedule]: register schedule /Users/shellcoochi/Shellcoochi/project/tmp/coding/coochi-cli-server/node_modules/egg-multipart/app/schedule/clean_tmpdir.js
2022-05-03 12:45:03,227 INFO 4273 [egg-schedule]: register schedule /Users/shellcoochi/Shellcoochi/project/tmp/coding/coochi-cli-server/node_modules/egg-logrotator/app/schedule/clean_log.js
2022-05-03 12:45:03,227 INFO 4273 [egg-schedule]: register schedule /Users/shellcoochi/Shellcoochi/project/tmp/coding/coochi-cli-server/node_modules/egg-logrotator/app/schedule/rotate_by_file.js
2022-05-03 12:45:19,710 INFO 4311 [egg-schedule]: register schedule /Users/shellcoochi/Shellcoochi/project/tmp/coding/coochi-cli-server/node_modules/egg-multipart/app/schedule/clean_tmpdir.js
2022-05-03 12:45:19,710 INFO 4311 [egg-schedule]: register schedule /Users/shellcoochi/Shellcoochi/project/tmp/coding/coochi-cli-server/node_modules/egg-logrotator/app/schedule/clean_log.js
2022-05-03 12:45:19,710 INFO 4311 [egg-schedule]: register schedule /Users/shellcoochi/Shellcoochi/project/tmp/coding/coochi-cli-server/node_modules/egg-logrotator/app/schedule/rotate_by_file.js
2022-05-03 12:45:58,277 INFO 4320 [egg-schedule]: register schedule /Users/shellcoochi/Shellcoochi/project/tmp/coding/coochi-cli-server/node_modules/egg-multipart/app/schedule/clean_tmpdir.js
2022-05-03 12:45:58,277 INFO 4320 [egg-schedule]: register schedule /Users/shellcoochi/Shellcoochi/project/tmp/coding/coochi-cli-server/node_modules/egg-logrotator/app/schedule/clean_log.js
2022-05-03 12:45:58,277 INFO 4320 [egg-schedule]: register schedule /Users/shellcoochi/Shellcoochi/project/tmp/coding/coochi-cli-server/node_modules/egg-logrotator/app/schedule/rotate_by_file.js
2022-05-03 12:46:55,395 INFO 4337 [egg-schedule]: register schedule /Users/shellcoochi/Shellcoochi/project/tmp/coding/coochi-cli-server/node_modules/egg-multipart/app/schedule/clean_tmpdir.js
2022-05-03 12:46:55,395 INFO 4337 [egg-schedule]: register schedule /Users/shellcoochi/Shellcoochi/project/tmp/coding/coochi-cli-server/node_modules/egg-logrotator/app/schedule/clean_log.js
2022-05-03 12:46:55,395 INFO 4337 [egg-schedule]: register schedule /Users/shellcoochi/Shellcoochi/project/tmp/coding/coochi-cli-server/node_modules/egg-logrotator/app/schedule/rotate_by_file.js
2022-05-03 12:47:23,344 INFO 4351 [egg-schedule]: register schedule /Users/shellcoochi/Shellcoochi/project/tmp/coding/coochi-cli-server/node_modules/egg-multipart/app/schedule/clean_tmpdir.js
2022-05-03 12:47:23,344 INFO 4351 [egg-schedule]: register schedule /Users/shellcoochi/Shellcoochi/project/tmp/coding/coochi-cli-server/node_modules/egg-logrotator/app/schedule/clean_log.js
2022-05-03 12:47:23,344 INFO 4351 [egg-schedule]: register schedule /Users/shellcoochi/Shellcoochi/project/tmp/coding/coochi-cli-server/node_modules/egg-logrotator/app/schedule/rotate_by_file.js
2022-05-03 12:47:38,591 INFO 4360 [egg-schedule]: register schedule /Users/shellcoochi/Shellcoochi/project/tmp/coding/coochi-cli-server/node_modules/egg-multipart/app/schedule/clean_tmpdir.js
2022-05-03 12:47:38,591 INFO 4360 [egg-schedule]: register schedule /Users/shellcoochi/Shellcoochi/project/tmp/coding/coochi-cli-server/node_modules/egg-logrotator/app/schedule/clean_log.js
2022-05-03 12:47:38,591 INFO 4360 [egg-schedule]: register schedule /Users/shellcoochi/Shellcoochi/project/tmp/coding/coochi-cli-server/node_modules/egg-logrotator/app/schedule/rotate_by_file.js
2022-05-03 12:47:55,141 INFO 4386 [egg-schedule]: register schedule /Users/shellcoochi/Shellcoochi/project/tmp/coding/coochi-cli-server/node_modules/egg-multipart/app/schedule/clean_tmpdir.js
2022-05-03 12:47:55,141 INFO 4386 [egg-schedule]: register schedule /Users/shellcoochi/Shellcoochi/project/tmp/coding/coochi-cli-server/node_modules/egg-logrotator/app/schedule/clean_log.js
2022-05-03 12:47:55,141 INFO 4386 [egg-schedule]: register schedule /Users/shellcoochi/Shellcoochi/project/tmp/coding/coochi-cli-server/node_modules/egg-logrotator/app/schedule/rotate_by_file.js
2022-05-03 12:48:17,655 INFO 4421 [egg-schedule]: register schedule /Users/shellcoochi/Shellcoochi/project/tmp/coding/coochi-cli-server/node_modules/egg-multipart/app/schedule/clean_tmpdir.js
2022-05-03 12:48:17,655 INFO 4421 [egg-schedule]: register schedule /Users/shellcoochi/Shellcoochi/project/tmp/coding/coochi-cli-server/node_modules/egg-logrotator/app/schedule/clean_log.js
2022-05-03 12:48:17,655 INFO 4421 [egg-schedule]: register schedule /Users/shellcoochi/Shellcoochi/project/tmp/coding/coochi-cli-server/node_modules/egg-logrotator/app/schedule/rotate_by_file.js
2022-05-03 12:48:54,624 INFO 4438 [egg-schedule]: register schedule /Users/shellcoochi/Shellcoochi/project/tmp/coding/coochi-cli-server/node_modules/egg-multipart/app/schedule/clean_tmpdir.js
2022-05-03 12:48:54,624 INFO 4438 [egg-schedule]: register schedule /Users/shellcoochi/Shellcoochi/project/tmp/coding/coochi-cli-server/node_modules/egg-logrotator/app/schedule/clean_log.js
2022-05-03 12:48:54,624 INFO 4438 [egg-schedule]: register schedule /Users/shellcoochi/Shellcoochi/project/tmp/coding/coochi-cli-server/node_modules/egg-logrotator/app/schedule/rotate_by_file.js
2022-05-03 22:00:26,273 INFO 8718 [egg-schedule]: register schedule /Users/shellcoochi/code/coochi-cli-server/node_modules/egg-multipart/app/schedule/clean_tmpdir.js
2022-05-03 22:00:26,273 INFO 8718 [egg-schedule]: register schedule /Users/shellcoochi/code/coochi-cli-server/node_modules/egg-logrotator/app/schedule/clean_log.js
2022-05-03 22:00:26,273 INFO 8718 [egg-schedule]: register schedule /Users/shellcoochi/code/coochi-cli-server/node_modules/egg-logrotator/app/schedule/rotate_by_file.js
2022-05-03 22:00:26,719 INFO 8713 [Timer] /Users/shellcoochi/code/coochi-cli-server/node_modules/egg-multipart/app/schedule/clean_tmpdir.js next time will execute after 23373283ms at 2022-05-04 04:30:00.002
2022-05-03 22:00:26,719 INFO 8713 [Timer] /Users/shellcoochi/code/coochi-cli-server/node_modules/egg-logrotator/app/schedule/clean_log.js next time will execute after 7173281ms at 2022-05-04 00:00:00.000
2022-05-03 22:00:26,719 INFO 8713 [Timer] /Users/shellcoochi/code/coochi-cli-server/node_modules/egg-logrotator/app/schedule/rotate_by_file.js next time will execute after 7174281ms at 2022-05-04 00:00:01.000
