2022-05-03 12:27:11,285 INFO 3601 [egg:logger] init all loggers with options: {"dir":"/Users/shellcoochi/Shellcoochi/project/tmp/coding/coochi-cli-server/logs/coochi-cli-server","encoding":"utf8","env":"local","level":"INFO","consoleLevel":"INFO","disableConsoleAfterReady":false,"outputJSON":false,"buffer":true,"appLogName":"coochi-cli-server-web.log","coreLogName":"egg-web.log","agentLogName":"egg-agent.log","errorLogName":"common-error.log","coreLogger":{"consoleLevel":"WARN"},"allowDebugAtProd":false,"enablePerformanceTimer":false,"type":"application"}
2022-05-03 12:27:11,315 INFO 3601 [egg-multipart] stream mode enable
2022-05-03 12:27:11,453 INFO 3601 [egg-static] starting static serve /public/ -> /Users/shellcoochi/Shellcoochi/project/tmp/coding/coochi-cli-server/app/public
2022-05-03 12:27:11,456 INFO 3601 [egg-security] use csrf middleware
2022-05-03 12:27:11,457 INFO 3601 [egg-security] use methodnoallow middleware
2022-05-03 12:27:11,459 INFO 3601 [egg-security] use noopen middleware
2022-05-03 12:27:11,460 INFO 3601 [egg-security] use nosniff middleware
2022-05-03 12:27:11,461 INFO 3601 [egg-security] use xssProtection middleware
2022-05-03 12:27:11,463 INFO 3601 [egg-security] use xframe middleware
2022-05-03 12:27:11,464 INFO 3601 [egg-security] use dta middleware
2022-05-03 12:27:11,464 INFO 3601 [egg-security] compose 7 middlewares into one security middleware
2022-05-03 12:27:11,475 INFO 3601 [egg:core] dump config after load, 6ms
2022-05-03 12:27:11,489 INFO 3601 [egg-watcher:application] watcher start success
2022-05-03 12:27:11,498 INFO 3601 [egg:core] dump config after ready, 7ms
2022-05-03 12:29:14,171 INFO 3831 [egg:logger] init all loggers with options: {"dir":"/Users/shellcoochi/Shellcoochi/project/tmp/coding/coochi-cli-server/logs/coochi-cli-server","encoding":"utf8","env":"local","level":"INFO","consoleLevel":"INFO","disableConsoleAfterReady":false,"outputJSON":false,"buffer":true,"appLogName":"coochi-cli-server-web.log","coreLogName":"egg-web.log","agentLogName":"egg-agent.log","errorLogName":"common-error.log","coreLogger":{"consoleLevel":"WARN"},"allowDebugAtProd":false,"enablePerformanceTimer":false,"type":"application"}
2022-05-03 12:29:14,199 INFO 3831 [egg-multipart] stream mode enable
2022-05-03 12:29:14,312 INFO 3831 [egg-static] starting static serve /public/ -> /Users/shellcoochi/Shellcoochi/project/tmp/coding/coochi-cli-server/app/public
2022-05-03 12:29:14,316 INFO 3831 [egg-security] use csrf middleware
2022-05-03 12:29:14,317 INFO 3831 [egg-security] use methodnoallow middleware
2022-05-03 12:29:14,318 INFO 3831 [egg-security] use noopen middleware
2022-05-03 12:29:14,319 INFO 3831 [egg-security] use nosniff middleware
2022-05-03 12:29:14,320 INFO 3831 [egg-security] use xssProtection middleware
2022-05-03 12:29:14,320 INFO 3831 [egg-security] use xframe middleware
2022-05-03 12:29:14,321 INFO 3831 [egg-security] use dta middleware
2022-05-03 12:29:14,322 INFO 3831 [egg-security] compose 7 middlewares into one security middleware
2022-05-03 12:29:14,334 INFO 3831 [egg:core] dump config after load, 6ms
2022-05-03 12:29:14,346 INFO 3831 [egg-watcher:application] watcher start success
2022-05-03 12:29:14,356 INFO 3831 [egg:core] dump config after ready, 7ms
2022-05-03 12:31:16,505 INFO 3930 [egg:logger] init all loggers with options: {"dir":"/Users/shellcoochi/Shellcoochi/project/tmp/coding/coochi-cli-server/logs/coochi-cli-server","encoding":"utf8","env":"local","level":"INFO","consoleLevel":"INFO","disableConsoleAfterReady":false,"outputJSON":false,"buffer":true,"appLogName":"coochi-cli-server-web.log","coreLogName":"egg-web.log","agentLogName":"egg-agent.log","errorLogName":"common-error.log","coreLogger":{"consoleLevel":"WARN"},"allowDebugAtProd":false,"enablePerformanceTimer":false,"type":"application"}
2022-05-03 12:31:16,537 INFO 3930 [egg-multipart] stream mode enable
2022-05-03 12:31:16,637 INFO 3930 [egg-static] starting static serve /public/ -> /Users/shellcoochi/Shellcoochi/project/tmp/coding/coochi-cli-server/app/public
2022-05-03 12:31:16,640 INFO 3930 [egg-security] use csrf middleware
2022-05-03 12:31:16,641 INFO 3930 [egg-security] use methodnoallow middleware
2022-05-03 12:31:16,641 INFO 3930 [egg-security] use noopen middleware
2022-05-03 12:31:16,642 INFO 3930 [egg-security] use nosniff middleware
2022-05-03 12:31:16,642 INFO 3930 [egg-security] use xssProtection middleware
2022-05-03 12:31:16,644 INFO 3930 [egg-security] use xframe middleware
2022-05-03 12:31:16,645 INFO 3930 [egg-security] use dta middleware
2022-05-03 12:31:16,645 INFO 3930 [egg-security] compose 7 middlewares into one security middleware
2022-05-03 12:31:16,657 INFO 3930 [egg:core] dump config after load, 7ms
2022-05-03 12:31:16,669 INFO 3930 [egg-watcher:application] watcher start success
2022-05-03 12:31:16,679 INFO 3930 [egg:core] dump config after ready, 8ms
2022-05-03 12:32:29,414 INFO 4000 [egg:logger] init all loggers with options: {"dir":"/Users/shellcoochi/Shellcoochi/project/tmp/coding/coochi-cli-server/logs/coochi-cli-server","encoding":"utf8","env":"local","level":"INFO","consoleLevel":"INFO","disableConsoleAfterReady":false,"outputJSON":false,"buffer":true,"appLogName":"coochi-cli-server-web.log","coreLogName":"egg-web.log","agentLogName":"egg-agent.log","errorLogName":"common-error.log","coreLogger":{"consoleLevel":"WARN"},"allowDebugAtProd":false,"enablePerformanceTimer":false,"type":"application"}
2022-05-03 12:32:29,431 INFO 4000 [egg-multipart] stream mode enable
2022-05-03 12:32:29,498 INFO 4000 [egg-static] starting static serve /public/ -> /Users/shellcoochi/Shellcoochi/project/tmp/coding/coochi-cli-server/app/public
2022-05-03 12:32:29,500 INFO 4000 [egg-security] use csrf middleware
2022-05-03 12:32:29,500 INFO 4000 [egg-security] use methodnoallow middleware
2022-05-03 12:32:29,501 INFO 4000 [egg-security] use noopen middleware
2022-05-03 12:32:29,501 INFO 4000 [egg-security] use nosniff middleware
2022-05-03 12:32:29,502 INFO 4000 [egg-security] use xssProtection middleware
2022-05-03 12:32:29,502 INFO 4000 [egg-security] use xframe middleware
2022-05-03 12:32:29,502 INFO 4000 [egg-security] use dta middleware
2022-05-03 12:32:29,502 INFO 4000 [egg-security] compose 7 middlewares into one security middleware
2022-05-03 12:32:29,510 INFO 4000 [egg:core] dump config after load, 4ms
2022-05-03 12:32:29,517 INFO 4000 [egg-watcher:application] watcher start success
2022-05-03 12:32:29,524 INFO 4000 [egg:core] dump config after ready, 5ms
2022-05-03 12:32:45,878 INFO 4017 [egg:logger] init all loggers with options: {"dir":"/Users/shellcoochi/Shellcoochi/project/tmp/coding/coochi-cli-server/logs/coochi-cli-server","encoding":"utf8","env":"local","level":"INFO","consoleLevel":"INFO","disableConsoleAfterReady":false,"outputJSON":false,"buffer":true,"appLogName":"coochi-cli-server-web.log","coreLogName":"egg-web.log","agentLogName":"egg-agent.log","errorLogName":"common-error.log","coreLogger":{"consoleLevel":"WARN"},"allowDebugAtProd":false,"enablePerformanceTimer":false,"type":"application"}
2022-05-03 12:32:45,898 INFO 4017 [egg-multipart] stream mode enable
2022-05-03 12:32:45,978 INFO 4017 [egg-static] starting static serve /public/ -> /Users/shellcoochi/Shellcoochi/project/tmp/coding/coochi-cli-server/app/public
2022-05-03 12:32:45,979 INFO 4017 [egg-security] use csrf middleware
2022-05-03 12:32:45,980 INFO 4017 [egg-security] use methodnoallow middleware
2022-05-03 12:32:45,980 INFO 4017 [egg-security] use noopen middleware
2022-05-03 12:32:45,981 INFO 4017 [egg-security] use nosniff middleware
2022-05-03 12:32:45,982 INFO 4017 [egg-security] use xssProtection middleware
2022-05-03 12:32:45,984 INFO 4017 [egg-security] use xframe middleware
2022-05-03 12:32:45,984 INFO 4017 [egg-security] use dta middleware
2022-05-03 12:32:45,984 INFO 4017 [egg-security] compose 7 middlewares into one security middleware
2022-05-03 12:32:45,993 INFO 4017 [egg:core] dump config after load, 5ms
2022-05-03 12:32:46,003 INFO 4017 [egg-watcher:application] watcher start success
2022-05-03 12:32:46,010 INFO 4017 [egg:core] dump config after ready, 5ms
2022-05-03 12:42:38,140 INFO 4171 [egg:logger] init all loggers with options: {"dir":"/Users/shellcoochi/Shellcoochi/project/tmp/coding/coochi-cli-server/logs/coochi-cli-server","encoding":"utf8","env":"local","level":"INFO","consoleLevel":"INFO","disableConsoleAfterReady":false,"outputJSON":false,"buffer":true,"appLogName":"coochi-cli-server-web.log","coreLogName":"egg-web.log","agentLogName":"egg-agent.log","errorLogName":"common-error.log","coreLogger":{"consoleLevel":"WARN"},"allowDebugAtProd":false,"enablePerformanceTimer":false,"type":"application"}
2022-05-03 12:42:38,166 INFO 4171 [egg-multipart] stream mode enable
2022-05-03 12:42:38,236 INFO 4171 [egg-static] starting static serve /public/ -> /Users/shellcoochi/Shellcoochi/project/tmp/coding/coochi-cli-server/app/public
2022-05-03 12:42:38,239 INFO 4171 [egg-security] use csrf middleware
2022-05-03 12:42:38,240 INFO 4171 [egg-security] use methodnoallow middleware
2022-05-03 12:42:38,240 INFO 4171 [egg-security] use noopen middleware
2022-05-03 12:42:38,241 INFO 4171 [egg-security] use nosniff middleware
2022-05-03 12:42:38,242 INFO 4171 [egg-security] use xssProtection middleware
2022-05-03 12:42:38,243 INFO 4171 [egg-security] use xframe middleware
2022-05-03 12:42:38,244 INFO 4171 [egg-security] use dta middleware
2022-05-03 12:42:38,244 INFO 4171 [egg-security] compose 7 middlewares into one security middleware
2022-05-03 12:42:38,252 INFO 4171 [egg:core] dump config after load, 4ms
2022-05-03 12:42:38,284 INFO 4171 [egg-watcher:application] watcher start success
2022-05-03 12:42:38,295 INFO 4171 [egg:core] dump config after ready, 8ms
2022-05-03 12:42:48,890 INFO 4192 [egg:logger] init all loggers with options: {"dir":"/Users/shellcoochi/Shellcoochi/project/tmp/coding/coochi-cli-server/logs/coochi-cli-server","encoding":"utf8","env":"local","level":"INFO","consoleLevel":"INFO","disableConsoleAfterReady":false,"outputJSON":false,"buffer":true,"appLogName":"coochi-cli-server-web.log","coreLogName":"egg-web.log","agentLogName":"egg-agent.log","errorLogName":"common-error.log","coreLogger":{"consoleLevel":"WARN"},"allowDebugAtProd":false,"enablePerformanceTimer":false,"type":"application"}
2022-05-03 12:42:48,908 INFO 4192 [egg-multipart] stream mode enable
2022-05-03 12:42:48,971 INFO 4192 [egg-static] starting static serve /public/ -> /Users/shellcoochi/Shellcoochi/project/tmp/coding/coochi-cli-server/app/public
2022-05-03 12:42:48,973 INFO 4192 [egg-security] use csrf middleware
2022-05-03 12:42:48,974 INFO 4192 [egg-security] use methodnoallow middleware
2022-05-03 12:42:48,974 INFO 4192 [egg-security] use noopen middleware
2022-05-03 12:42:48,975 INFO 4192 [egg-security] use nosniff middleware
2022-05-03 12:42:48,975 INFO 4192 [egg-security] use xssProtection middleware
2022-05-03 12:42:48,976 INFO 4192 [egg-security] use xframe middleware
2022-05-03 12:42:48,976 INFO 4192 [egg-security] use dta middleware
2022-05-03 12:42:48,976 INFO 4192 [egg-security] compose 7 middlewares into one security middleware
2022-05-03 12:42:48,984 INFO 4192 [egg:core] dump config after load, 4ms
2022-05-03 12:42:48,992 INFO 4192 [egg-watcher:application] watcher start success
2022-05-03 12:42:48,999 INFO 4192 [egg:core] dump config after ready, 5ms
2022-05-03 12:44:15,878 INFO 4261 [egg:logger] init all loggers with options: {"dir":"/Users/shellcoochi/Shellcoochi/project/tmp/coding/coochi-cli-server/logs/coochi-cli-server","encoding":"utf8","env":"local","level":"INFO","consoleLevel":"INFO","disableConsoleAfterReady":false,"outputJSON":false,"buffer":true,"appLogName":"coochi-cli-server-web.log","coreLogName":"egg-web.log","agentLogName":"egg-agent.log","errorLogName":"common-error.log","coreLogger":{"consoleLevel":"WARN"},"allowDebugAtProd":false,"enablePerformanceTimer":false,"type":"application"}
2022-05-03 12:44:15,895 INFO 4261 [egg-multipart] stream mode enable
2022-05-03 12:44:15,961 INFO 4261 [egg-static] starting static serve /public/ -> /Users/shellcoochi/Shellcoochi/project/tmp/coding/coochi-cli-server/app/public
2022-05-03 12:44:15,963 INFO 4261 [egg-security] use csrf middleware
2022-05-03 12:44:15,963 INFO 4261 [egg-security] use methodnoallow middleware
2022-05-03 12:44:15,964 INFO 4261 [egg-security] use noopen middleware
2022-05-03 12:44:15,964 INFO 4261 [egg-security] use nosniff middleware
2022-05-03 12:44:15,964 INFO 4261 [egg-security] use xssProtection middleware
2022-05-03 12:44:15,965 INFO 4261 [egg-security] use xframe middleware
2022-05-03 12:44:15,966 INFO 4261 [egg-security] use dta middleware
2022-05-03 12:44:15,966 INFO 4261 [egg-security] compose 7 middlewares into one security middleware
2022-05-03 12:44:15,974 INFO 4261 [egg:core] dump config after load, 4ms
2022-05-03 12:44:15,983 INFO 4261 [egg-watcher:application] watcher start success
2022-05-03 12:44:15,989 INFO 4261 [egg:core] dump config after ready, 4ms
2022-05-03 12:45:03,204 INFO 4273 [egg:logger] init all loggers with options: {"dir":"/Users/shellcoochi/Shellcoochi/project/tmp/coding/coochi-cli-server/logs/coochi-cli-server","encoding":"utf8","env":"local","level":"INFO","consoleLevel":"INFO","disableConsoleAfterReady":false,"outputJSON":false,"buffer":true,"appLogName":"coochi-cli-server-web.log","coreLogName":"egg-web.log","agentLogName":"egg-agent.log","errorLogName":"common-error.log","coreLogger":{"consoleLevel":"WARN"},"allowDebugAtProd":false,"enablePerformanceTimer":false,"type":"application"}
2022-05-03 12:45:03,228 INFO 4273 [egg-multipart] stream mode enable
2022-05-03 12:45:03,301 INFO 4273 [egg-static] starting static serve /public/ -> /Users/shellcoochi/Shellcoochi/project/tmp/coding/coochi-cli-server/app/public
2022-05-03 12:45:03,303 INFO 4273 [egg-security] use csrf middleware
2022-05-03 12:45:03,304 INFO 4273 [egg-security] use methodnoallow middleware
2022-05-03 12:45:03,304 INFO 4273 [egg-security] use noopen middleware
2022-05-03 12:45:03,305 INFO 4273 [egg-security] use nosniff middleware
2022-05-03 12:45:03,305 INFO 4273 [egg-security] use xssProtection middleware
2022-05-03 12:45:03,307 INFO 4273 [egg-security] use xframe middleware
2022-05-03 12:45:03,307 INFO 4273 [egg-security] use dta middleware
2022-05-03 12:45:03,307 INFO 4273 [egg-security] compose 7 middlewares into one security middleware
2022-05-03 12:45:03,318 INFO 4273 [egg:core] dump config after load, 6ms
2022-05-03 12:45:03,327 INFO 4273 [egg-watcher:application] watcher start success
2022-05-03 12:45:03,335 INFO 4273 [egg:core] dump config after ready, 7ms
2022-05-03 12:45:19,692 INFO 4311 [egg:logger] init all loggers with options: {"dir":"/Users/shellcoochi/Shellcoochi/project/tmp/coding/coochi-cli-server/logs/coochi-cli-server","encoding":"utf8","env":"local","level":"INFO","consoleLevel":"INFO","disableConsoleAfterReady":false,"outputJSON":false,"buffer":true,"appLogName":"coochi-cli-server-web.log","coreLogName":"egg-web.log","agentLogName":"egg-agent.log","errorLogName":"common-error.log","coreLogger":{"consoleLevel":"WARN"},"allowDebugAtProd":false,"enablePerformanceTimer":false,"type":"application"}
2022-05-03 12:45:19,711 INFO 4311 [egg-multipart] stream mode enable
2022-05-03 12:45:19,775 INFO 4311 [egg-static] starting static serve /public/ -> /Users/shellcoochi/Shellcoochi/project/tmp/coding/coochi-cli-server/app/public
2022-05-03 12:45:19,777 INFO 4311 [egg-security] use csrf middleware
2022-05-03 12:45:19,778 INFO 4311 [egg-security] use methodnoallow middleware
2022-05-03 12:45:19,778 INFO 4311 [egg-security] use noopen middleware
2022-05-03 12:45:19,779 INFO 4311 [egg-security] use nosniff middleware
2022-05-03 12:45:19,779 INFO 4311 [egg-security] use xssProtection middleware
2022-05-03 12:45:19,780 INFO 4311 [egg-security] use xframe middleware
2022-05-03 12:45:19,780 INFO 4311 [egg-security] use dta middleware
2022-05-03 12:45:19,780 INFO 4311 [egg-security] compose 7 middlewares into one security middleware
2022-05-03 12:45:19,789 INFO 4311 [egg:core] dump config after load, 4ms
2022-05-03 12:45:19,797 INFO 4311 [egg-watcher:application] watcher start success
2022-05-03 12:45:19,804 INFO 4311 [egg:core] dump config after ready, 5ms
2022-05-03 12:45:58,256 INFO 4320 [egg:logger] init all loggers with options: {"dir":"/Users/shellcoochi/Shellcoochi/project/tmp/coding/coochi-cli-server/logs/coochi-cli-server","encoding":"utf8","env":"local","level":"INFO","consoleLevel":"INFO","disableConsoleAfterReady":false,"outputJSON":false,"buffer":true,"appLogName":"coochi-cli-server-web.log","coreLogName":"egg-web.log","agentLogName":"egg-agent.log","errorLogName":"common-error.log","coreLogger":{"consoleLevel":"WARN"},"allowDebugAtProd":false,"enablePerformanceTimer":false,"type":"application"}
2022-05-03 12:45:58,278 INFO 4320 [egg-multipart] stream mode enable
2022-05-03 12:45:58,349 INFO 4320 [egg-static] starting static serve /public/ -> /Users/shellcoochi/Shellcoochi/project/tmp/coding/coochi-cli-server/app/public
2022-05-03 12:45:58,351 INFO 4320 [egg-security] use csrf middleware
2022-05-03 12:45:58,352 INFO 4320 [egg-security] use methodnoallow middleware
2022-05-03 12:45:58,352 INFO 4320 [egg-security] use noopen middleware
2022-05-03 12:45:58,353 INFO 4320 [egg-security] use nosniff middleware
2022-05-03 12:45:58,353 INFO 4320 [egg-security] use xssProtection middleware
2022-05-03 12:45:58,353 INFO 4320 [egg-security] use xframe middleware
2022-05-03 12:45:58,354 INFO 4320 [egg-security] use dta middleware
2022-05-03 12:45:58,354 INFO 4320 [egg-security] compose 7 middlewares into one security middleware
2022-05-03 12:45:58,362 INFO 4320 [egg:core] dump config after load, 5ms
2022-05-03 12:45:58,371 INFO 4320 [egg-watcher:application] watcher start success
2022-05-03 12:45:58,379 INFO 4320 [egg:core] dump config after ready, 6ms
2022-05-03 12:46:55,377 INFO 4337 [egg:logger] init all loggers with options: {"dir":"/Users/shellcoochi/Shellcoochi/project/tmp/coding/coochi-cli-server/logs/coochi-cli-server","encoding":"utf8","env":"local","level":"INFO","consoleLevel":"INFO","disableConsoleAfterReady":false,"outputJSON":false,"buffer":true,"appLogName":"coochi-cli-server-web.log","coreLogName":"egg-web.log","agentLogName":"egg-agent.log","errorLogName":"common-error.log","coreLogger":{"consoleLevel":"WARN"},"allowDebugAtProd":false,"enablePerformanceTimer":false,"type":"application"}
2022-05-03 12:46:55,395 INFO 4337 [egg-multipart] stream mode enable
2022-05-03 12:46:55,459 INFO 4337 [egg-static] starting static serve /public/ -> /Users/shellcoochi/Shellcoochi/project/tmp/coding/coochi-cli-server/app/public
2022-05-03 12:46:55,461 INFO 4337 [egg-security] use csrf middleware
2022-05-03 12:46:55,462 INFO 4337 [egg-security] use methodnoallow middleware
2022-05-03 12:46:55,462 INFO 4337 [egg-security] use noopen middleware
2022-05-03 12:46:55,462 INFO 4337 [egg-security] use nosniff middleware
2022-05-03 12:46:55,463 INFO 4337 [egg-security] use xssProtection middleware
2022-05-03 12:46:55,463 INFO 4337 [egg-security] use xframe middleware
2022-05-03 12:46:55,464 INFO 4337 [egg-security] use dta middleware
2022-05-03 12:46:55,464 INFO 4337 [egg-security] compose 7 middlewares into one security middleware
2022-05-03 12:46:55,470 INFO 4337 [egg:core] dump config after load, 3ms
2022-05-03 12:46:55,479 INFO 4337 [egg-watcher:application] watcher start success
2022-05-03 12:46:55,485 INFO 4337 [egg:core] dump config after ready, 5ms
2022-05-03 12:47:23,323 INFO 4351 [egg:logger] init all loggers with options: {"dir":"/Users/shellcoochi/Shellcoochi/project/tmp/coding/coochi-cli-server/logs/coochi-cli-server","encoding":"utf8","env":"local","level":"INFO","consoleLevel":"INFO","disableConsoleAfterReady":false,"outputJSON":false,"buffer":true,"appLogName":"coochi-cli-server-web.log","coreLogName":"egg-web.log","agentLogName":"egg-agent.log","errorLogName":"common-error.log","coreLogger":{"consoleLevel":"WARN"},"allowDebugAtProd":false,"enablePerformanceTimer":false,"type":"application"}
2022-05-03 12:47:23,345 INFO 4351 [egg-multipart] stream mode enable
2022-05-03 12:47:23,410 INFO 4351 [egg-static] starting static serve /public/ -> /Users/shellcoochi/Shellcoochi/project/tmp/coding/coochi-cli-server/app/public
2022-05-03 12:47:23,412 INFO 4351 [egg-security] use csrf middleware
2022-05-03 12:47:23,412 INFO 4351 [egg-security] use methodnoallow middleware
2022-05-03 12:47:23,413 INFO 4351 [egg-security] use noopen middleware
2022-05-03 12:47:23,413 INFO 4351 [egg-security] use nosniff middleware
2022-05-03 12:47:23,414 INFO 4351 [egg-security] use xssProtection middleware
2022-05-03 12:47:23,414 INFO 4351 [egg-security] use xframe middleware
2022-05-03 12:47:23,415 INFO 4351 [egg-security] use dta middleware
2022-05-03 12:47:23,415 INFO 4351 [egg-security] compose 7 middlewares into one security middleware
2022-05-03 12:47:23,423 INFO 4351 [egg:core] dump config after load, 5ms
2022-05-03 12:47:23,431 INFO 4351 [egg-watcher:application] watcher start success
2022-05-03 12:47:23,439 INFO 4351 [egg:core] dump config after ready, 6ms
2022-05-03 12:47:38,576 INFO 4360 [egg:logger] init all loggers with options: {"dir":"/Users/shellcoochi/Shellcoochi/project/tmp/coding/coochi-cli-server/logs/coochi-cli-server","encoding":"utf8","env":"local","level":"INFO","consoleLevel":"INFO","disableConsoleAfterReady":false,"outputJSON":false,"buffer":true,"appLogName":"coochi-cli-server-web.log","coreLogName":"egg-web.log","agentLogName":"egg-agent.log","errorLogName":"common-error.log","coreLogger":{"consoleLevel":"WARN"},"allowDebugAtProd":false,"enablePerformanceTimer":false,"type":"application"}
2022-05-03 12:47:38,591 INFO 4360 [egg-multipart] stream mode enable
2022-05-03 12:47:38,640 INFO 4360 [egg-static] starting static serve /public/ -> /Users/shellcoochi/Shellcoochi/project/tmp/coding/coochi-cli-server/app/public
2022-05-03 12:47:38,642 INFO 4360 [egg-security] use csrf middleware
2022-05-03 12:47:38,643 INFO 4360 [egg-security] use methodnoallow middleware
2022-05-03 12:47:38,643 INFO 4360 [egg-security] use noopen middleware
2022-05-03 12:47:38,643 INFO 4360 [egg-security] use nosniff middleware
2022-05-03 12:47:38,644 INFO 4360 [egg-security] use xssProtection middleware
2022-05-03 12:47:38,644 INFO 4360 [egg-security] use xframe middleware
2022-05-03 12:47:38,645 INFO 4360 [egg-security] use dta middleware
2022-05-03 12:47:38,645 INFO 4360 [egg-security] compose 7 middlewares into one security middleware
2022-05-03 12:47:38,652 INFO 4360 [egg:core] dump config after load, 4ms
2022-05-03 12:47:38,659 INFO 4360 [egg-watcher:application] watcher start success
2022-05-03 12:47:38,665 INFO 4360 [egg:core] dump config after ready, 5ms
2022-05-03 12:47:55,122 INFO 4386 [egg:logger] init all loggers with options: {"dir":"/Users/shellcoochi/Shellcoochi/project/tmp/coding/coochi-cli-server/logs/coochi-cli-server","encoding":"utf8","env":"local","level":"INFO","consoleLevel":"INFO","disableConsoleAfterReady":false,"outputJSON":false,"buffer":true,"appLogName":"coochi-cli-server-web.log","coreLogName":"egg-web.log","agentLogName":"egg-agent.log","errorLogName":"common-error.log","coreLogger":{"consoleLevel":"WARN"},"allowDebugAtProd":false,"enablePerformanceTimer":false,"type":"application"}
2022-05-03 12:47:55,141 INFO 4386 [egg-multipart] stream mode enable
2022-05-03 12:47:55,211 INFO 4386 [egg-static] starting static serve /public/ -> /Users/shellcoochi/Shellcoochi/project/tmp/coding/coochi-cli-server/app/public
2022-05-03 12:47:55,213 INFO 4386 [egg-security] use csrf middleware
2022-05-03 12:47:55,214 INFO 4386 [egg-security] use methodnoallow middleware
2022-05-03 12:47:55,214 INFO 4386 [egg-security] use noopen middleware
2022-05-03 12:47:55,215 INFO 4386 [egg-security] use nosniff middleware
2022-05-03 12:47:55,215 INFO 4386 [egg-security] use xssProtection middleware
2022-05-03 12:47:55,215 INFO 4386 [egg-security] use xframe middleware
2022-05-03 12:47:55,216 INFO 4386 [egg-security] use dta middleware
2022-05-03 12:47:55,216 INFO 4386 [egg-security] compose 7 middlewares into one security middleware
2022-05-03 12:47:55,224 INFO 4386 [egg:core] dump config after load, 4ms
2022-05-03 12:47:55,233 INFO 4386 [egg-watcher:application] watcher start success
2022-05-03 12:47:55,240 INFO 4386 [egg:core] dump config after ready, 5ms
2022-05-03 12:48:17,636 INFO 4421 [egg:logger] init all loggers with options: {"dir":"/Users/shellcoochi/Shellcoochi/project/tmp/coding/coochi-cli-server/logs/coochi-cli-server","encoding":"utf8","env":"local","level":"INFO","consoleLevel":"INFO","disableConsoleAfterReady":false,"outputJSON":false,"buffer":true,"appLogName":"coochi-cli-server-web.log","coreLogName":"egg-web.log","agentLogName":"egg-agent.log","errorLogName":"common-error.log","coreLogger":{"consoleLevel":"WARN"},"allowDebugAtProd":false,"enablePerformanceTimer":false,"type":"application"}
2022-05-03 12:48:17,655 INFO 4421 [egg-multipart] stream mode enable
2022-05-03 12:48:17,721 INFO 4421 [egg-static] starting static serve /public/ -> /Users/shellcoochi/Shellcoochi/project/tmp/coding/coochi-cli-server/app/public
2022-05-03 12:48:17,723 INFO 4421 [egg-security] use csrf middleware
2022-05-03 12:48:17,724 INFO 4421 [egg-security] use methodnoallow middleware
2022-05-03 12:48:17,725 INFO 4421 [egg-security] use noopen middleware
2022-05-03 12:48:17,725 INFO 4421 [egg-security] use nosniff middleware
2022-05-03 12:48:17,725 INFO 4421 [egg-security] use xssProtection middleware
2022-05-03 12:48:17,726 INFO 4421 [egg-security] use xframe middleware
2022-05-03 12:48:17,726 INFO 4421 [egg-security] use dta middleware
2022-05-03 12:48:17,726 INFO 4421 [egg-security] compose 7 middlewares into one security middleware
2022-05-03 12:48:17,879 INFO 4421 [egg:core] dump config after load, 4ms
2022-05-03 12:48:17,886 INFO 4421 [egg-watcher:application] watcher start success
2022-05-03 12:48:17,893 INFO 4421 [egg:core] dump config after ready, 4ms
2022-05-03 12:48:54,605 INFO 4438 [egg:logger] init all loggers with options: {"dir":"/Users/shellcoochi/Shellcoochi/project/tmp/coding/coochi-cli-server/logs/coochi-cli-server","encoding":"utf8","env":"local","level":"INFO","consoleLevel":"INFO","disableConsoleAfterReady":false,"outputJSON":false,"buffer":true,"appLogName":"coochi-cli-server-web.log","coreLogName":"egg-web.log","agentLogName":"egg-agent.log","errorLogName":"common-error.log","coreLogger":{"consoleLevel":"WARN"},"allowDebugAtProd":false,"enablePerformanceTimer":false,"type":"application"}
2022-05-03 12:48:54,624 INFO 4438 [egg-multipart] stream mode enable
2022-05-03 12:48:54,686 INFO 4438 [egg-static] starting static serve /public/ -> /Users/shellcoochi/Shellcoochi/project/tmp/coding/coochi-cli-server/app/public
2022-05-03 12:48:54,687 INFO 4438 [egg-security] use csrf middleware
2022-05-03 12:48:54,688 INFO 4438 [egg-security] use methodnoallow middleware
2022-05-03 12:48:54,689 INFO 4438 [egg-security] use noopen middleware
2022-05-03 12:48:54,689 INFO 4438 [egg-security] use nosniff middleware
2022-05-03 12:48:54,689 INFO 4438 [egg-security] use xssProtection middleware
2022-05-03 12:48:54,690 INFO 4438 [egg-security] use xframe middleware
2022-05-03 12:48:54,690 INFO 4438 [egg-security] use dta middleware
2022-05-03 12:48:54,690 INFO 4438 [egg-security] compose 7 middlewares into one security middleware
2022-05-03 12:48:54,838 INFO 4438 [egg:core] dump config after load, 4ms
2022-05-03 12:48:54,848 INFO 4438 [egg-watcher:application] watcher start success
2022-05-03 12:48:54,855 INFO 4438 [egg:core] dump config after ready, 5ms
2022-05-03 22:00:26,252 INFO 8718 [egg:logger] init all loggers with options: {"dir":"/Users/shellcoochi/code/coochi-cli-server/logs/coochi-cli-server","encoding":"utf8","env":"local","level":"INFO","consoleLevel":"INFO","disableConsoleAfterReady":false,"outputJSON":false,"buffer":true,"appLogName":"coochi-cli-server-web.log","coreLogName":"egg-web.log","agentLogName":"egg-agent.log","errorLogName":"common-error.log","coreLogger":{"consoleLevel":"WARN"},"allowDebugAtProd":false,"enablePerformanceTimer":false,"type":"application"}
2022-05-03 22:00:26,274 INFO 8718 [egg-multipart] stream mode enable
2022-05-03 22:00:26,372 INFO 8718 [egg-static] starting static serve /public/ -> /Users/shellcoochi/code/coochi-cli-server/app/public
2022-05-03 22:00:26,374 INFO 8718 [egg-security] use csrf middleware
2022-05-03 22:00:26,374 INFO 8718 [egg-security] use methodnoallow middleware
2022-05-03 22:00:26,375 INFO 8718 [egg-security] use noopen middleware
2022-05-03 22:00:26,375 INFO 8718 [egg-security] use nosniff middleware
2022-05-03 22:00:26,376 INFO 8718 [egg-security] use xssProtection middleware
2022-05-03 22:00:26,376 INFO 8718 [egg-security] use xframe middleware
2022-05-03 22:00:26,376 INFO 8718 [egg-security] use dta middleware
2022-05-03 22:00:26,377 INFO 8718 [egg-security] compose 7 middlewares into one security middleware
2022-05-03 22:00:26,689 INFO 8718 [egg:core] dump config after load, 5ms
2022-05-03 22:00:26,704 INFO 8718 [egg-watcher:application] watcher start success
2022-05-03 22:00:26,713 INFO 8718 [egg:core] dump config after ready, 7ms
